{"/workspaces/graduation-project-talescript/backend/src/app.js": {"path":"/workspaces/graduation-project-talescript/backend/src/app.js","statementMap":{"0":{"start":{"line":8,"column":0},"end":{"line":8,"column":26}},"1":{"start":{"line":13,"column":20},"end":{"line":13,"column":42}},"2":{"start":{"line":14,"column":16},"end":{"line":14,"column":34}},"3":{"start":{"line":15,"column":13},"end":{"line":15,"column":28}},"4":{"start":{"line":16,"column":21},"end":{"line":16,"column":45}},"5":{"start":{"line":17,"column":15},"end":{"line":17,"column":32}},"6":{"start":{"line":18,"column":13},"end":{"line":18,"column":28}},"7":{"start":{"line":19,"column":16},"end":{"line":19,"column":42}},"8":{"start":{"line":20,"column":19},"end":{"line":20,"column":43}},"9":{"start":{"line":22,"column":17},"end":{"line":22,"column":36}},"10":{"start":{"line":23,"column":0},"end":{"line":23,"column":32}},"11":{"start":{"line":25,"column":20},"end":{"line":25,"column":45}},"12":{"start":{"line":26,"column":21},"end":{"line":26,"column":48}},"13":{"start":{"line":27,"column":20},"end":{"line":27,"column":45}},"14":{"start":{"line":28,"column":23},"end":{"line":28,"column":51}},"15":{"start":{"line":29,"column":21},"end":{"line":29,"column":47}},"16":{"start":{"line":30,"column":22},"end":{"line":30,"column":49}},"17":{"start":{"line":33,"column":13},"end":{"line":33,"column":37}},"18":{"start":{"line":34,"column":17},"end":{"line":34,"column":36}},"19":{"start":{"line":37,"column":0},"end":{"line":37,"column":35}},"20":{"start":{"line":40,"column":0},"end":{"line":40,"column":44}},"21":{"start":{"line":41,"column":0},"end":{"line":41,"column":48}},"22":{"start":{"line":43,"column":12},"end":{"line":43,"column":21}},"23":{"start":{"line":44,"column":0},"end":{"line":44,"column":25}},"24":{"start":{"line":45,"column":0},"end":{"line":50,"column":1}},"25":{"start":{"line":53,"column":0},"end":{"line":53,"column":47}},"26":{"start":{"line":54,"column":0},"end":{"line":54,"column":29}},"27":{"start":{"line":56,"column":22},"end":{"line":56,"column":111}},"28":{"start":{"line":56,"column":74},"end":{"line":56,"column":109}},"29":{"start":{"line":58,"column":0},"end":{"line":74,"column":1}},"30":{"start":{"line":76,"column":0},"end":{"line":76,"column":30}},"31":{"start":{"line":77,"column":0},"end":{"line":77,"column":27}},"32":{"start":{"line":93,"column":0},"end":{"line":100,"column":2}},"33":{"start":{"line":94,"column":25},"end":{"line":94,"column":56}},"34":{"start":{"line":95,"column":2},"end":{"line":95,"column":49}},"35":{"start":{"line":96,"column":2},"end":{"line":96,"column":49}},"36":{"start":{"line":97,"column":2},"end":{"line":97,"column":56}},"37":{"start":{"line":99,"column":2},"end":{"line":99,"column":8}},"38":{"start":{"line":102,"column":0},"end":{"line":102,"column":22}},"39":{"start":{"line":103,"column":0},"end":{"line":103,"column":23}},"40":{"start":{"line":104,"column":0},"end":{"line":104,"column":48}},"41":{"start":{"line":105,"column":0},"end":{"line":105,"column":23}},"42":{"start":{"line":106,"column":0},"end":{"line":106,"column":55}},"43":{"start":{"line":108,"column":0},"end":{"line":108,"column":25}},"44":{"start":{"line":109,"column":0},"end":{"line":109,"column":30}},"45":{"start":{"line":110,"column":0},"end":{"line":110,"column":33}},"46":{"start":{"line":111,"column":0},"end":{"line":111,"column":36}},"47":{"start":{"line":112,"column":0},"end":{"line":112,"column":32}},"48":{"start":{"line":113,"column":0},"end":{"line":113,"column":34}},"49":{"start":{"line":116,"column":0},"end":{"line":118,"column":2}},"50":{"start":{"line":117,"column":2},"end":{"line":117,"column":24}},"51":{"start":{"line":121,"column":0},"end":{"line":129,"column":2}},"52":{"start":{"line":123,"column":2},"end":{"line":123,"column":34}},"53":{"start":{"line":124,"column":2},"end":{"line":124,"column":68}},"54":{"start":{"line":127,"column":2},"end":{"line":127,"column":31}},"55":{"start":{"line":128,"column":2},"end":{"line":128,"column":21}},"56":{"start":{"line":131,"column":0},"end":{"line":157,"column":1}},"57":{"start":{"line":132,"column":13},"end":{"line":137,"column":4}},"58":{"start":{"line":143,"column":2},"end":{"line":143,"column":19}},"59":{"start":{"line":146,"column":2},"end":{"line":146,"column":35}},"60":{"start":{"line":148,"column":2},"end":{"line":148,"column":41}},"61":{"start":{"line":159,"column":0},"end":{"line":159,"column":20}}},"fnMap":{"0":{"name":"(anonymous_0)","decl":{"start":{"line":56,"column":59},"end":{"line":56,"column":60}},"loc":{"start":{"line":56,"column":74},"end":{"line":56,"column":109}},"line":56},"1":{"name":"(anonymous_1)","decl":{"start":{"line":93,"column":8},"end":{"line":93,"column":9}},"loc":{"start":{"line":93,"column":34},"end":{"line":100,"column":1}},"line":93},"2":{"name":"(anonymous_2)","decl":{"start":{"line":116,"column":8},"end":{"line":116,"column":9}},"loc":{"start":{"line":116,"column":34},"end":{"line":118,"column":1}},"line":116},"3":{"name":"(anonymous_3)","decl":{"start":{"line":121,"column":8},"end":{"line":121,"column":9}},"loc":{"start":{"line":121,"column":39},"end":{"line":129,"column":1}},"line":121},"4":{"name":"(anonymous_4)","decl":{"start":{"line":131,"column":25},"end":{"line":131,"column":26}},"loc":{"start":{"line":131,"column":43},"end":{"line":157,"column":1}},"line":131}},"branchMap":{"0":{"loc":{"start":{"line":67,"column":16},"end":{"line":67,"column":70}},"type":"cond-expr","locations":[{"start":{"line":67,"column":56},"end":{"line":67,"column":62}},{"start":{"line":67,"column":65},"end":{"line":67,"column":70}}],"line":67},"1":{"loc":{"start":{"line":94,"column":25},"end":{"line":94,"column":56}},"type":"binary-expr","locations":[{"start":{"line":94,"column":25},"end":{"line":94,"column":51}},{"start":{"line":94,"column":55},"end":{"line":94,"column":56}}],"line":94},"2":{"loc":{"start":{"line":96,"column":24},"end":{"line":96,"column":49}},"type":"binary-expr","locations":[{"start":{"line":96,"column":24},"end":{"line":96,"column":43}},{"start":{"line":96,"column":47},"end":{"line":96,"column":49}}],"line":96},"3":{"loc":{"start":{"line":124,"column":21},"end":{"line":124,"column":68}},"type":"cond-expr","locations":[{"start":{"line":124,"column":60},"end":{"line":124,"column":63}},{"start":{"line":124,"column":66},"end":{"line":124,"column":68}}],"line":124},"4":{"loc":{"start":{"line":127,"column":13},"end":{"line":127,"column":30}},"type":"binary-expr","locations":[{"start":{"line":127,"column":13},"end":{"line":127,"column":23}},{"start":{"line":127,"column":27},"end":{"line":127,"column":30}}],"line":127}},"s":{"0":2,"1":2,"2":2,"3":2,"4":2,"5":2,"6":2,"7":2,"8":2,"9":2,"10":2,"11":2,"12":2,"13":2,"14":2,"15":2,"16":2,"17":2,"18":2,"19":2,"20":2,"21":2,"22":2,"23":2,"24":2,"25":2,"26":2,"27":2,"28":2,"29":2,"30":2,"31":2,"32":2,"33":4,"34":4,"35":4,"36":4,"37":4,"38":2,"39":2,"40":2,"41":2,"42":2,"43":2,"44":2,"45":2,"46":2,"47":2,"48":2,"49":2,"50":0,"51":2,"52":0,"53":0,"54":0,"55":0,"56":2,"57":0,"58":0,"59":0,"60":0,"61":2},"f":{"0":2,"1":4,"2":0,"3":0,"4":0},"b":{"0":[0,2],"1":[4,4],"2":[4,4],"3":[0,0],"4":[0,0]},"_coverageSchema":"1a1c01bbd47fc00a2c39e90264f33305004495a9","hash":"6cdcb4132d75a76c1caeb05996e34a35145c9c9b"}
,"/workspaces/graduation-project-talescript/backend/src/database-connection.js": {"path":"/workspaces/graduation-project-talescript/backend/src/database-connection.js","statementMap":{"0":{"start":{"line":1,"column":0},"end":{"line":1,"column":26}},"1":{"start":{"line":2,"column":17},"end":{"line":2,"column":36}},"2":{"start":{"line":4,"column":0},"end":{"line":7,"column":39}},"3":{"start":{"line":6,"column":14},"end":{"line":6,"column":49}},"4":{"start":{"line":7,"column":18},"end":{"line":7,"column":38}}},"fnMap":{"0":{"name":"(anonymous_0)","decl":{"start":{"line":6,"column":8},"end":{"line":6,"column":9}},"loc":{"start":{"line":6,"column":14},"end":{"line":6,"column":49}},"line":6},"1":{"name":"(anonymous_1)","decl":{"start":{"line":7,"column":9},"end":{"line":7,"column":10}},"loc":{"start":{"line":7,"column":18},"end":{"line":7,"column":38}},"line":7}},"branchMap":{},"s":{"0":2,"1":2,"2":2,"3":2,"4":0},"f":{"0":2,"1":0},"b":{},"_coverageSchema":"1a1c01bbd47fc00a2c39e90264f33305004495a9","hash":"75ced73a50dcaa96b44a2198f57da2a2783dee7b"}
,"/workspaces/graduation-project-talescript/backend/src/lib/auth.js": {"path":"/workspaces/graduation-project-talescript/backend/src/lib/auth.js","statementMap":{"0":{"start":{"line":2,"column":2},"end":{"line":4,"column":3}},"1":{"start":{"line":3,"column":4},"end":{"line":3,"column":60}},"2":{"start":{"line":5,"column":2},"end":{"line":5,"column":8}},"3":{"start":{"line":8,"column":0},"end":{"line":8,"column":21}}},"fnMap":{"0":{"name":"auth","decl":{"start":{"line":1,"column":9},"end":{"line":1,"column":13}},"loc":{"start":{"line":1,"column":30},"end":{"line":6,"column":1}},"line":1}},"branchMap":{"0":{"loc":{"start":{"line":2,"column":2},"end":{"line":4,"column":3}},"type":"if","locations":[{"start":{"line":2,"column":2},"end":{"line":4,"column":3}},{"start":{},"end":{}}],"line":2}},"s":{"0":0,"1":0,"2":0,"3":2},"f":{"0":0},"b":{"0":[0,0]},"_coverageSchema":"1a1c01bbd47fc00a2c39e90264f33305004495a9","hash":"3a62a5f2d8dc8bd345f825269bd99b9ca3569ada"}
,"/workspaces/graduation-project-talescript/backend/src/models/course.js": {"path":"/workspaces/graduation-project-talescript/backend/src/models/course.js","statementMap":{"0":{"start":{"line":1,"column":17},"end":{"line":1,"column":36}},"1":{"start":{"line":3,"column":21},"end":{"line":12,"column":1}},"2":{"start":{"line":16,"column":0},"end":{"line":16,"column":55}}},"fnMap":{},"branchMap":{},"s":{"0":2,"1":2,"2":2},"f":{},"b":{},"_coverageSchema":"1a1c01bbd47fc00a2c39e90264f33305004495a9","hash":"2138b4e1f7bf56d6a886d3ee30d60710b516a14e"}
,"/workspaces/graduation-project-talescript/backend/src/models/event.js": {"path":"/workspaces/graduation-project-talescript/backend/src/models/event.js","statementMap":{"0":{"start":{"line":1,"column":17},"end":{"line":1,"column":36}},"1":{"start":{"line":2,"column":21},"end":{"line":2,"column":53}},"2":{"start":{"line":4,"column":20},"end":{"line":13,"column":1}},"3":{"start":{"line":26,"column":4},"end":{"line":26,"column":66}},"4":{"start":{"line":26,"column":42},"end":{"line":26,"column":65}},"5":{"start":{"line":30,"column":0},"end":{"line":30,"column":28}},"6":{"start":{"line":31,"column":0},"end":{"line":31,"column":32}},"7":{"start":{"line":32,"column":0},"end":{"line":32,"column":53}}},"fnMap":{"0":{"name":"(anonymous_0)","decl":{"start":{"line":25,"column":2},"end":{"line":25,"column":3}},"loc":{"start":{"line":25,"column":23},"end":{"line":27,"column":3}},"line":25},"1":{"name":"(anonymous_1)","decl":{"start":{"line":26,"column":33},"end":{"line":26,"column":34}},"loc":{"start":{"line":26,"column":42},"end":{"line":26,"column":65}},"line":26}},"branchMap":{},"s":{"0":2,"1":2,"2":2,"3":0,"4":0,"5":2,"6":2,"7":2},"f":{"0":0,"1":0},"b":{},"_coverageSchema":"1a1c01bbd47fc00a2c39e90264f33305004495a9","hash":"d28b608b63c00876cd1958d893a1eb306d29f2ac"}
,"/workspaces/graduation-project-talescript/backend/src/models/note.js": {"path":"/workspaces/graduation-project-talescript/backend/src/models/note.js","statementMap":{"0":{"start":{"line":1,"column":17},"end":{"line":1,"column":36}},"1":{"start":{"line":3,"column":19},"end":{"line":8,"column":1}},"2":{"start":{"line":12,"column":0},"end":{"line":12,"column":51}}},"fnMap":{},"branchMap":{},"s":{"0":2,"1":2,"2":2},"f":{},"b":{},"_coverageSchema":"1a1c01bbd47fc00a2c39e90264f33305004495a9","hash":"d082ff6808ce089cdc4f6870a612eef3ff38441b"}
,"/workspaces/graduation-project-talescript/backend/src/models/recipe.js": {"path":"/workspaces/graduation-project-talescript/backend/src/models/recipe.js","statementMap":{"0":{"start":{"line":1,"column":17},"end":{"line":1,"column":36}},"1":{"start":{"line":2,"column":21},"end":{"line":2,"column":53}},"2":{"start":{"line":4,"column":21},"end":{"line":12,"column":1}},"3":{"start":{"line":24,"column":0},"end":{"line":24,"column":33}},"4":{"start":{"line":25,"column":0},"end":{"line":25,"column":55}}},"fnMap":{},"branchMap":{},"s":{"0":2,"1":2,"2":2,"3":2,"4":2},"f":{},"b":{},"_coverageSchema":"1a1c01bbd47fc00a2c39e90264f33305004495a9","hash":"45ea7d4d5d87c949f086a3e1b015352bd020ae21"}
,"/workspaces/graduation-project-talescript/backend/src/models/user.js": {"path":"/workspaces/graduation-project-talescript/backend/src/models/user.js","statementMap":{"0":{"start":{"line":1,"column":17},"end":{"line":1,"column":36}},"1":{"start":{"line":2,"column":21},"end":{"line":2,"column":53}},"2":{"start":{"line":3,"column":30},"end":{"line":3,"column":64}},"3":{"start":{"line":5,"column":15},"end":{"line":5,"column":34}},"4":{"start":{"line":6,"column":14},"end":{"line":6,"column":31}},"5":{"start":{"line":7,"column":14},"end":{"line":7,"column":32}},"6":{"start":{"line":8,"column":15},"end":{"line":8,"column":34}},"7":{"start":{"line":9,"column":15},"end":{"line":9,"column":34}},"8":{"start":{"line":11,"column":19},"end":{"line":20,"column":2}},"9":{"start":{"line":24,"column":22},"end":{"line":24,"column":85}},"10":{"start":{"line":25,"column":4},"end":{"line":25,"column":32}},"11":{"start":{"line":26,"column":4},"end":{"line":26,"column":21}},"12":{"start":{"line":27,"column":4},"end":{"line":27,"column":20}},"13":{"start":{"line":31,"column":4},"end":{"line":31,"column":24}},"14":{"start":{"line":32,"column":4},"end":{"line":32,"column":36}},"15":{"start":{"line":33,"column":4},"end":{"line":33,"column":23}},"16":{"start":{"line":34,"column":4},"end":{"line":34,"column":17}},"17":{"start":{"line":38,"column":24},"end":{"line":38,"column":52}},"18":{"start":{"line":39,"column":4},"end":{"line":39,"column":39}},"19":{"start":{"line":40,"column":4},"end":{"line":40,"column":21}},"20":{"start":{"line":41,"column":4},"end":{"line":41,"column":17}},"21":{"start":{"line":45,"column":22},"end":{"line":45,"column":75}},"22":{"start":{"line":46,"column":4},"end":{"line":46,"column":32}},"23":{"start":{"line":47,"column":4},"end":{"line":47,"column":20}},"24":{"start":{"line":53,"column":18},"end":{"line":53,"column":76}},"25":{"start":{"line":54,"column":4},"end":{"line":54,"column":27}},"26":{"start":{"line":55,"column":4},"end":{"line":55,"column":30}},"27":{"start":{"line":56,"column":4},"end":{"line":56,"column":21}},"28":{"start":{"line":57,"column":4},"end":{"line":57,"column":22}},"29":{"start":{"line":59,"column":4},"end":{"line":59,"column":16}},"30":{"start":{"line":63,"column":4},"end":{"line":63,"column":27}},"31":{"start":{"line":64,"column":4},"end":{"line":64,"column":30}},"32":{"start":{"line":65,"column":4},"end":{"line":65,"column":21}},"33":{"start":{"line":66,"column":4},"end":{"line":66,"column":22}},"34":{"start":{"line":68,"column":4},"end":{"line":68,"column":16}},"35":{"start":{"line":72,"column":23},"end":{"line":72,"column":49}},"36":{"start":{"line":73,"column":4},"end":{"line":73,"column":37}},"37":{"start":{"line":75,"column":32},"end":{"line":75,"column":61}},"38":{"start":{"line":76,"column":4},"end":{"line":76,"column":50}},"39":{"start":{"line":77,"column":4},"end":{"line":77,"column":21}},"40":{"start":{"line":78,"column":4},"end":{"line":78,"column":22}},"41":{"start":{"line":80,"column":4},"end":{"line":80,"column":16}},"42":{"start":{"line":84,"column":4},"end":{"line":84,"column":24}},"43":{"start":{"line":85,"column":4},"end":{"line":85,"column":16}},"44":{"start":{"line":89,"column":17},"end":{"line":89,"column":65}},"45":{"start":{"line":90,"column":4},"end":{"line":90,"column":25}},"46":{"start":{"line":91,"column":4},"end":{"line":91,"column":27}},"47":{"start":{"line":92,"column":4},"end":{"line":92,"column":21}},"48":{"start":{"line":93,"column":4},"end":{"line":93,"column":23}},"49":{"start":{"line":94,"column":4},"end":{"line":94,"column":15}},"50":{"start":{"line":98,"column":4},"end":{"line":98,"column":34}},"51":{"start":{"line":99,"column":4},"end":{"line":99,"column":15}},"52":{"start":{"line":103,"column":22},"end":{"line":103,"column":46}},"53":{"start":{"line":104,"column":4},"end":{"line":104,"column":35}},"54":{"start":{"line":105,"column":4},"end":{"line":105,"column":21}},"55":{"start":{"line":106,"column":19},"end":{"line":106,"column":56}},"56":{"start":{"line":107,"column":4},"end":{"line":107,"column":54}},"57":{"start":{"line":108,"column":4},"end":{"line":108,"column":23}},"58":{"start":{"line":109,"column":4},"end":{"line":109,"column":23}},"59":{"start":{"line":113,"column":19},"end":{"line":113,"column":85}},"60":{"start":{"line":114,"column":4},"end":{"line":114,"column":29}},"61":{"start":{"line":115,"column":4},"end":{"line":115,"column":17}},"62":{"start":{"line":119,"column":4},"end":{"line":119,"column":24}},"63":{"start":{"line":120,"column":4},"end":{"line":120,"column":36}},"64":{"start":{"line":121,"column":4},"end":{"line":121,"column":24}},"65":{"start":{"line":122,"column":4},"end":{"line":122,"column":32}},"66":{"start":{"line":123,"column":4},"end":{"line":123,"column":28}},"67":{"start":{"line":124,"column":4},"end":{"line":124,"column":17}},"68":{"start":{"line":128,"column":4},"end":{"line":128,"column":29}},"69":{"start":{"line":129,"column":4},"end":{"line":129,"column":30}},"70":{"start":{"line":133,"column":24},"end":{"line":133,"column":52}},"71":{"start":{"line":134,"column":4},"end":{"line":134,"column":39}},"72":{"start":{"line":135,"column":4},"end":{"line":135,"column":17}},"73":{"start":{"line":138,"column":0},"end":{"line":138,"column":26}},"74":{"start":{"line":139,"column":0},"end":{"line":139,"column":31}},"75":{"start":{"line":140,"column":0},"end":{"line":140,"column":68}},"76":{"start":{"line":141,"column":0},"end":{"line":141,"column":51}}},"fnMap":{"0":{"name":"(anonymous_0)","decl":{"start":{"line":23,"column":2},"end":{"line":23,"column":3}},"loc":{"start":{"line":23,"column":41},"end":{"line":28,"column":3}},"line":23},"1":{"name":"(anonymous_1)","decl":{"start":{"line":30,"column":2},"end":{"line":30,"column":3}},"loc":{"start":{"line":30,"column":47},"end":{"line":35,"column":3}},"line":30},"2":{"name":"(anonymous_2)","decl":{"start":{"line":37,"column":2},"end":{"line":37,"column":3}},"loc":{"start":{"line":37,"column":29},"end":{"line":42,"column":3}},"line":37},"3":{"name":"(anonymous_3)","decl":{"start":{"line":44,"column":2},"end":{"line":44,"column":3}},"loc":{"start":{"line":44,"column":27},"end":{"line":48,"column":3}},"line":44},"4":{"name":"(anonymous_4)","decl":{"start":{"line":52,"column":2},"end":{"line":52,"column":3}},"loc":{"start":{"line":52,"column":56},"end":{"line":60,"column":3}},"line":52},"5":{"name":"(anonymous_5)","decl":{"start":{"line":62,"column":2},"end":{"line":62,"column":3}},"loc":{"start":{"line":62,"column":25},"end":{"line":69,"column":3}},"line":62},"6":{"name":"(anonymous_6)","decl":{"start":{"line":71,"column":2},"end":{"line":71,"column":3}},"loc":{"start":{"line":71,"column":26},"end":{"line":81,"column":3}},"line":71},"7":{"name":"(anonymous_7)","decl":{"start":{"line":83,"column":2},"end":{"line":83,"column":3}},"loc":{"start":{"line":83,"column":21},"end":{"line":86,"column":3}},"line":83},"8":{"name":"(anonymous_8)","decl":{"start":{"line":88,"column":2},"end":{"line":88,"column":3}},"loc":{"start":{"line":88,"column":37},"end":{"line":95,"column":3}},"line":88},"9":{"name":"(anonymous_9)","decl":{"start":{"line":97,"column":2},"end":{"line":97,"column":3}},"loc":{"start":{"line":97,"column":30},"end":{"line":100,"column":3}},"line":97},"10":{"name":"(anonymous_10)","decl":{"start":{"line":102,"column":2},"end":{"line":102,"column":3}},"loc":{"start":{"line":102,"column":25},"end":{"line":110,"column":3}},"line":102},"11":{"name":"(anonymous_11)","decl":{"start":{"line":112,"column":2},"end":{"line":112,"column":3}},"loc":{"start":{"line":112,"column":68},"end":{"line":116,"column":3}},"line":112},"12":{"name":"(anonymous_12)","decl":{"start":{"line":118,"column":2},"end":{"line":118,"column":3}},"loc":{"start":{"line":118,"column":68},"end":{"line":125,"column":3}},"line":118},"13":{"name":"(anonymous_13)","decl":{"start":{"line":127,"column":2},"end":{"line":127,"column":3}},"loc":{"start":{"line":127,"column":21},"end":{"line":130,"column":3}},"line":127},"14":{"name":"(anonymous_14)","decl":{"start":{"line":132,"column":2},"end":{"line":132,"column":3}},"loc":{"start":{"line":132,"column":23},"end":{"line":136,"column":3}},"line":132}},"branchMap":{},"s":{"0":2,"1":2,"2":2,"3":2,"4":2,"5":2,"6":2,"7":2,"8":2,"9":0,"10":0,"11":0,"12":0,"13":0,"14":0,"15":0,"16":0,"17":0,"18":0,"19":0,"20":0,"21":0,"22":0,"23":0,"24":0,"25":0,"26":0,"27":0,"28":0,"29":0,"30":0,"31":0,"32":0,"33":0,"34":0,"35":0,"36":0,"37":0,"38":0,"39":0,"40":0,"41":0,"42":0,"43":0,"44":0,"45":0,"46":0,"47":0,"48":0,"49":0,"50":0,"51":0,"52":0,"53":0,"54":0,"55":0,"56":0,"57":0,"58":0,"59":0,"60":0,"61":0,"62":0,"63":0,"64":0,"65":0,"66":0,"67":0,"68":0,"69":0,"70":0,"71":0,"72":0,"73":2,"74":2,"75":2,"76":2},"f":{"0":0,"1":0,"2":0,"3":0,"4":0,"5":0,"6":0,"7":0,"8":0,"9":0,"10":0,"11":0,"12":0,"13":0,"14":0},"b":{},"_coverageSchema":"1a1c01bbd47fc00a2c39e90264f33305004495a9","hash":"522ab0d2cfaf90addb17ff0c40b78f7f90ebbeb1"}
,"/workspaces/graduation-project-talescript/backend/src/routes/accounts.js": {"path":"/workspaces/graduation-project-talescript/backend/src/routes/accounts.js","statementMap":{"0":{"start":{"line":1,"column":16},"end":{"line":1,"column":34}},"1":{"start":{"line":2,"column":15},"end":{"line":2,"column":31}},"2":{"start":{"line":3,"column":17},"end":{"line":3,"column":36}},"3":{"start":{"line":4,"column":13},"end":{"line":4,"column":38}},"4":{"start":{"line":6,"column":0},"end":{"line":9,"column":2}},"5":{"start":{"line":7,"column":2},"end":{"line":7,"column":46}},"6":{"start":{"line":8,"column":2},"end":{"line":8,"column":20}},"7":{"start":{"line":17,"column":0},"end":{"line":19,"column":2}},"8":{"start":{"line":18,"column":2},"end":{"line":18,"column":20}},"9":{"start":{"line":21,"column":0},"end":{"line":25,"column":2}},"10":{"start":{"line":22,"column":2},"end":{"line":24,"column":4}},"11":{"start":{"line":23,"column":4},"end":{"line":23,"column":23}},"12":{"start":{"line":27,"column":0},"end":{"line":27,"column":23}}},"fnMap":{"0":{"name":"(anonymous_0)","decl":{"start":{"line":6,"column":23},"end":{"line":6,"column":24}},"loc":{"start":{"line":6,"column":55},"end":{"line":9,"column":1}},"line":6},"1":{"name":"(anonymous_1)","decl":{"start":{"line":17,"column":81},"end":{"line":17,"column":82}},"loc":{"start":{"line":17,"column":107},"end":{"line":19,"column":1}},"line":17},"2":{"name":"(anonymous_2)","decl":{"start":{"line":21,"column":26},"end":{"line":21,"column":27}},"loc":{"start":{"line":21,"column":52},"end":{"line":25,"column":1}},"line":21},"3":{"name":"(anonymous_3)","decl":{"start":{"line":22,"column":13},"end":{"line":22,"column":14}},"loc":{"start":{"line":22,"column":19},"end":{"line":24,"column":3}},"line":22}},"branchMap":{},"s":{"0":2,"1":2,"2":2,"3":2,"4":2,"5":0,"6":0,"7":2,"8":0,"9":2,"10":0,"11":0,"12":2},"f":{"0":0,"1":0,"2":0,"3":0},"b":{},"_coverageSchema":"1a1c01bbd47fc00a2c39e90264f33305004495a9","hash":"8c25fadad0a8c3690275ad20a406e19394bb1679"}
,"/workspaces/graduation-project-talescript/backend/src/routes/courses.js": {"path":"/workspaces/graduation-project-talescript/backend/src/routes/courses.js","statementMap":{"0":{"start":{"line":1,"column":16},"end":{"line":1,"column":34}},"1":{"start":{"line":2,"column":15},"end":{"line":2,"column":31}},"2":{"start":{"line":3,"column":15},"end":{"line":3,"column":42}},"3":{"start":{"line":4,"column":13},"end":{"line":4,"column":38}},"4":{"start":{"line":7,"column":0},"end":{"line":10,"column":2}},"5":{"start":{"line":8,"column":18},"end":{"line":8,"column":37}},"6":{"start":{"line":9,"column":2},"end":{"line":9,"column":19}},"7":{"start":{"line":13,"column":0},"end":{"line":16,"column":2}},"8":{"start":{"line":14,"column":17},"end":{"line":14,"column":59}},"9":{"start":{"line":15,"column":2},"end":{"line":15,"column":18}},"10":{"start":{"line":19,"column":0},"end":{"line":23,"column":2}},"11":{"start":{"line":20,"column":15},"end":{"line":20,"column":49}},"12":{"start":{"line":21,"column":17},"end":{"line":21,"column":93}},"13":{"start":{"line":22,"column":2},"end":{"line":22,"column":18}},"14":{"start":{"line":26,"column":0},"end":{"line":33,"column":2}},"15":{"start":{"line":27,"column":17},"end":{"line":27,"column":59}},"16":{"start":{"line":28,"column":2},"end":{"line":28,"column":31}},"17":{"start":{"line":29,"column":2},"end":{"line":29,"column":29}},"18":{"start":{"line":30,"column":2},"end":{"line":30,"column":43}},"19":{"start":{"line":31,"column":2},"end":{"line":31,"column":25}},"20":{"start":{"line":32,"column":2},"end":{"line":32,"column":18}},"21":{"start":{"line":36,"column":0},"end":{"line":40,"column":2}},"22":{"start":{"line":37,"column":17},"end":{"line":37,"column":59}},"23":{"start":{"line":38,"column":2},"end":{"line":38,"column":23}},"24":{"start":{"line":39,"column":2},"end":{"line":39,"column":18}},"25":{"start":{"line":43,"column":0},"end":{"line":48,"column":2}},"26":{"start":{"line":44,"column":17},"end":{"line":44,"column":59}},"27":{"start":{"line":45,"column":15},"end":{"line":45,"column":49}},"28":{"start":{"line":46,"column":2},"end":{"line":46,"column":25}},"29":{"start":{"line":47,"column":2},"end":{"line":47,"column":18}},"30":{"start":{"line":51,"column":0},"end":{"line":56,"column":2}},"31":{"start":{"line":52,"column":17},"end":{"line":52,"column":59}},"32":{"start":{"line":53,"column":15},"end":{"line":53,"column":49}},"33":{"start":{"line":54,"column":2},"end":{"line":54,"column":26}},"34":{"start":{"line":55,"column":2},"end":{"line":55,"column":18}},"35":{"start":{"line":58,"column":0},"end":{"line":58,"column":23}}},"fnMap":{"0":{"name":"(anonymous_0)","decl":{"start":{"line":7,"column":16},"end":{"line":7,"column":17}},"loc":{"start":{"line":7,"column":42},"end":{"line":10,"column":1}},"line":7},"1":{"name":"(anonymous_1)","decl":{"start":{"line":13,"column":25},"end":{"line":13,"column":26}},"loc":{"start":{"line":13,"column":51},"end":{"line":16,"column":1}},"line":13},"2":{"name":"(anonymous_2)","decl":{"start":{"line":19,"column":17},"end":{"line":19,"column":18}},"loc":{"start":{"line":19,"column":43},"end":{"line":23,"column":1}},"line":19},"3":{"name":"(anonymous_3)","decl":{"start":{"line":26,"column":25},"end":{"line":26,"column":26}},"loc":{"start":{"line":26,"column":51},"end":{"line":33,"column":1}},"line":26},"4":{"name":"(anonymous_4)","decl":{"start":{"line":36,"column":28},"end":{"line":36,"column":29}},"loc":{"start":{"line":36,"column":54},"end":{"line":40,"column":1}},"line":36},"5":{"name":"(anonymous_5)","decl":{"start":{"line":43,"column":31},"end":{"line":43,"column":32}},"loc":{"start":{"line":43,"column":57},"end":{"line":48,"column":1}},"line":43},"6":{"name":"(anonymous_6)","decl":{"start":{"line":51,"column":32},"end":{"line":51,"column":33}},"loc":{"start":{"line":51,"column":58},"end":{"line":56,"column":1}},"line":51}},"branchMap":{},"s":{"0":2,"1":2,"2":2,"3":2,"4":2,"5":0,"6":0,"7":2,"8":0,"9":0,"10":2,"11":0,"12":0,"13":0,"14":2,"15":0,"16":0,"17":0,"18":0,"19":0,"20":0,"21":2,"22":0,"23":0,"24":0,"25":2,"26":0,"27":0,"28":0,"29":0,"30":2,"31":0,"32":0,"33":0,"34":0,"35":2},"f":{"0":0,"1":0,"2":0,"3":0,"4":0,"5":0,"6":0},"b":{},"_coverageSchema":"1a1c01bbd47fc00a2c39e90264f33305004495a9","hash":"7f3673ee6ff14eb072380b713600aec1328d5d91"}
,"/workspaces/graduation-project-talescript/backend/src/routes/events.js": {"path":"/workspaces/graduation-project-talescript/backend/src/routes/events.js","statementMap":{"0":{"start":{"line":1,"column":16},"end":{"line":1,"column":34}},"1":{"start":{"line":2,"column":15},"end":{"line":2,"column":31}},"2":{"start":{"line":3,"column":14},"end":{"line":3,"column":40}},"3":{"start":{"line":4,"column":13},"end":{"line":4,"column":38}},"4":{"start":{"line":7,"column":0},"end":{"line":10,"column":2}},"5":{"start":{"line":8,"column":17},"end":{"line":8,"column":35}},"6":{"start":{"line":9,"column":2},"end":{"line":9,"column":18}},"7":{"start":{"line":13,"column":0},"end":{"line":16,"column":2}},"8":{"start":{"line":14,"column":16},"end":{"line":14,"column":56}},"9":{"start":{"line":15,"column":2},"end":{"line":15,"column":17}},"10":{"start":{"line":20,"column":0},"end":{"line":27,"column":2}},"11":{"start":{"line":21,"column":15},"end":{"line":21,"column":49}},"12":{"start":{"line":22,"column":2},"end":{"line":24,"column":3}},"13":{"start":{"line":23,"column":4},"end":{"line":23,"column":49}},"14":{"start":{"line":25,"column":16},"end":{"line":25,"column":110}},"15":{"start":{"line":26,"column":2},"end":{"line":26,"column":17}},"16":{"start":{"line":30,"column":0},"end":{"line":37,"column":2}},"17":{"start":{"line":31,"column":16},"end":{"line":31,"column":60}},"18":{"start":{"line":32,"column":2},"end":{"line":32,"column":30}},"19":{"start":{"line":33,"column":2},"end":{"line":33,"column":28}},"20":{"start":{"line":34,"column":2},"end":{"line":34,"column":42}},"21":{"start":{"line":35,"column":2},"end":{"line":35,"column":20}},"22":{"start":{"line":36,"column":2},"end":{"line":36,"column":17}},"23":{"start":{"line":40,"column":0},"end":{"line":43,"column":2}},"24":{"start":{"line":41,"column":16},"end":{"line":41,"column":69}},"25":{"start":{"line":42,"column":2},"end":{"line":42,"column":15}},"26":{"start":{"line":46,"column":0},"end":{"line":54,"column":2}},"27":{"start":{"line":47,"column":2},"end":{"line":49,"column":3}},"28":{"start":{"line":48,"column":4},"end":{"line":48,"column":49}},"29":{"start":{"line":50,"column":16},"end":{"line":50,"column":60}},"30":{"start":{"line":51,"column":15},"end":{"line":51,"column":49}},"31":{"start":{"line":52,"column":2},"end":{"line":52,"column":33}},"32":{"start":{"line":53,"column":2},"end":{"line":53,"column":17}},"33":{"start":{"line":58,"column":0},"end":{"line":68,"column":2}},"34":{"start":{"line":59,"column":2},"end":{"line":61,"column":3}},"35":{"start":{"line":60,"column":4},"end":{"line":60,"column":49}},"36":{"start":{"line":62,"column":16},"end":{"line":62,"column":60}},"37":{"start":{"line":63,"column":15},"end":{"line":63,"column":49}},"38":{"start":{"line":64,"column":2},"end":{"line":64,"column":40}},"39":{"start":{"line":65,"column":2},"end":{"line":65,"column":34}},"40":{"start":{"line":66,"column":23},"end":{"line":66,"column":67}},"41":{"start":{"line":67,"column":2},"end":{"line":67,"column":24}},"42":{"start":{"line":70,"column":0},"end":{"line":70,"column":23}}},"fnMap":{"0":{"name":"(anonymous_0)","decl":{"start":{"line":7,"column":16},"end":{"line":7,"column":17}},"loc":{"start":{"line":7,"column":42},"end":{"line":10,"column":1}},"line":7},"1":{"name":"(anonymous_1)","decl":{"start":{"line":13,"column":24},"end":{"line":13,"column":25}},"loc":{"start":{"line":13,"column":50},"end":{"line":16,"column":1}},"line":13},"2":{"name":"(anonymous_2)","decl":{"start":{"line":20,"column":17},"end":{"line":20,"column":18}},"loc":{"start":{"line":20,"column":43},"end":{"line":27,"column":1}},"line":20},"3":{"name":"(anonymous_3)","decl":{"start":{"line":30,"column":19},"end":{"line":30,"column":20}},"loc":{"start":{"line":30,"column":45},"end":{"line":37,"column":1}},"line":30},"4":{"name":"(anonymous_4)","decl":{"start":{"line":40,"column":22},"end":{"line":40,"column":23}},"loc":{"start":{"line":40,"column":48},"end":{"line":43,"column":1}},"line":40},"5":{"name":"(anonymous_5)","decl":{"start":{"line":46,"column":30},"end":{"line":46,"column":31}},"loc":{"start":{"line":46,"column":56},"end":{"line":54,"column":1}},"line":46},"6":{"name":"(anonymous_6)","decl":{"start":{"line":58,"column":32},"end":{"line":58,"column":33}},"loc":{"start":{"line":58,"column":58},"end":{"line":68,"column":1}},"line":58}},"branchMap":{"0":{"loc":{"start":{"line":22,"column":2},"end":{"line":24,"column":3}},"type":"if","locations":[{"start":{"line":22,"column":2},"end":{"line":24,"column":3}},{"start":{},"end":{}}],"line":22},"1":{"loc":{"start":{"line":47,"column":2},"end":{"line":49,"column":3}},"type":"if","locations":[{"start":{"line":47,"column":2},"end":{"line":49,"column":3}},{"start":{},"end":{}}],"line":47},"2":{"loc":{"start":{"line":59,"column":2},"end":{"line":61,"column":3}},"type":"if","locations":[{"start":{"line":59,"column":2},"end":{"line":61,"column":3}},{"start":{},"end":{}}],"line":59}},"s":{"0":2,"1":2,"2":2,"3":2,"4":2,"5":0,"6":0,"7":2,"8":0,"9":0,"10":2,"11":1,"12":0,"13":0,"14":0,"15":0,"16":2,"17":0,"18":0,"19":0,"20":0,"21":0,"22":0,"23":2,"24":0,"25":0,"26":2,"27":0,"28":0,"29":0,"30":0,"31":0,"32":0,"33":2,"34":0,"35":0,"36":0,"37":0,"38":0,"39":0,"40":0,"41":0,"42":2},"f":{"0":0,"1":0,"2":1,"3":0,"4":0,"5":0,"6":0},"b":{"0":[0,0],"1":[0,0],"2":[0,0]},"_coverageSchema":"1a1c01bbd47fc00a2c39e90264f33305004495a9","hash":"c46ffb7625ef266a781338816691a4f37be02f24"}
,"/workspaces/graduation-project-talescript/backend/src/routes/index.js": {"path":"/workspaces/graduation-project-talescript/backend/src/routes/index.js","statementMap":{"0":{"start":{"line":1,"column":16},"end":{"line":1,"column":34}},"1":{"start":{"line":2,"column":15},"end":{"line":2,"column":31}},"2":{"start":{"line":5,"column":0},"end":{"line":8,"column":2}},"3":{"start":{"line":7,"column":2},"end":{"line":7,"column":48}},"4":{"start":{"line":19,"column":0},"end":{"line":19,"column":23}}},"fnMap":{"0":{"name":"(anonymous_0)","decl":{"start":{"line":5,"column":16},"end":{"line":5,"column":17}},"loc":{"start":{"line":5,"column":42},"end":{"line":8,"column":1}},"line":5}},"branchMap":{},"s":{"0":2,"1":2,"2":2,"3":0,"4":2},"f":{"0":0},"b":{},"_coverageSchema":"1a1c01bbd47fc00a2c39e90264f33305004495a9","hash":"b0673f3c1c1f7ed66c0f3101bdd888703bab2be4"}
,"/workspaces/graduation-project-talescript/backend/src/routes/recipes.js": {"path":"/workspaces/graduation-project-talescript/backend/src/routes/recipes.js","statementMap":{"0":{"start":{"line":1,"column":16},"end":{"line":1,"column":34}},"1":{"start":{"line":2,"column":15},"end":{"line":2,"column":31}},"2":{"start":{"line":3,"column":15},"end":{"line":3,"column":42}},"3":{"start":{"line":4,"column":13},"end":{"line":4,"column":38}},"4":{"start":{"line":5,"column":13},"end":{"line":5,"column":38}},"5":{"start":{"line":27,"column":0},"end":{"line":29,"column":2}},"6":{"start":{"line":28,"column":2},"end":{"line":28,"column":31}},"7":{"start":{"line":32,"column":0},"end":{"line":35,"column":2}},"8":{"start":{"line":33,"column":17},"end":{"line":33,"column":59}},"9":{"start":{"line":34,"column":2},"end":{"line":34,"column":18}},"10":{"start":{"line":38,"column":0},"end":{"line":42,"column":2}},"11":{"start":{"line":39,"column":15},"end":{"line":39,"column":49}},"12":{"start":{"line":40,"column":20},"end":{"line":40,"column":80}},"13":{"start":{"line":41,"column":2},"end":{"line":41,"column":21}},"14":{"start":{"line":45,"column":0},"end":{"line":51,"column":2}},"15":{"start":{"line":46,"column":17},"end":{"line":46,"column":59}},"16":{"start":{"line":47,"column":2},"end":{"line":47,"column":31}},"17":{"start":{"line":48,"column":2},"end":{"line":48,"column":43}},"18":{"start":{"line":49,"column":2},"end":{"line":49,"column":25}},"19":{"start":{"line":50,"column":2},"end":{"line":50,"column":18}},"20":{"start":{"line":54,"column":0},"end":{"line":58,"column":2}},"21":{"start":{"line":55,"column":17},"end":{"line":55,"column":59}},"22":{"start":{"line":56,"column":2},"end":{"line":56,"column":27}},"23":{"start":{"line":57,"column":2},"end":{"line":57,"column":18}},"24":{"start":{"line":61,"column":0},"end":{"line":66,"column":2}},"25":{"start":{"line":62,"column":17},"end":{"line":62,"column":68}},"26":{"start":{"line":63,"column":15},"end":{"line":63,"column":49}},"27":{"start":{"line":64,"column":20},"end":{"line":64,"column":77}},"28":{"start":{"line":65,"column":2},"end":{"line":65,"column":21}},"29":{"start":{"line":69,"column":0},"end":{"line":78,"column":2}},"30":{"start":{"line":70,"column":17},"end":{"line":70,"column":68}},"31":{"start":{"line":71,"column":15},"end":{"line":71,"column":49}},"32":{"start":{"line":73,"column":15},"end":{"line":73,"column":56}},"33":{"start":{"line":74,"column":2},"end":{"line":74,"column":25}},"34":{"start":{"line":75,"column":2},"end":{"line":75,"column":23}},"35":{"start":{"line":77,"column":2},"end":{"line":77,"column":16}},"36":{"start":{"line":81,"column":0},"end":{"line":86,"column":2}},"37":{"start":{"line":82,"column":15},"end":{"line":82,"column":53}},"38":{"start":{"line":83,"column":2},"end":{"line":83,"column":34}},"39":{"start":{"line":84,"column":2},"end":{"line":84,"column":23}},"40":{"start":{"line":85,"column":2},"end":{"line":85,"column":16}},"41":{"start":{"line":89,"column":0},"end":{"line":94,"column":2}},"42":{"start":{"line":90,"column":15},"end":{"line":90,"column":53}},"43":{"start":{"line":91,"column":2},"end":{"line":91,"column":33}},"44":{"start":{"line":92,"column":2},"end":{"line":92,"column":49}},"45":{"start":{"line":93,"column":2},"end":{"line":93,"column":15}},"46":{"start":{"line":96,"column":0},"end":{"line":96,"column":23}}},"fnMap":{"0":{"name":"(anonymous_0)","decl":{"start":{"line":27,"column":16},"end":{"line":27,"column":17}},"loc":{"start":{"line":27,"column":48},"end":{"line":29,"column":1}},"line":27},"1":{"name":"(anonymous_1)","decl":{"start":{"line":32,"column":25},"end":{"line":32,"column":26}},"loc":{"start":{"line":32,"column":51},"end":{"line":35,"column":1}},"line":32},"2":{"name":"(anonymous_2)","decl":{"start":{"line":38,"column":17},"end":{"line":38,"column":18}},"loc":{"start":{"line":38,"column":43},"end":{"line":42,"column":1}},"line":38},"3":{"name":"(anonymous_3)","decl":{"start":{"line":45,"column":25},"end":{"line":45,"column":26}},"loc":{"start":{"line":45,"column":51},"end":{"line":51,"column":1}},"line":45},"4":{"name":"(anonymous_4)","decl":{"start":{"line":54,"column":28},"end":{"line":54,"column":29}},"loc":{"start":{"line":54,"column":54},"end":{"line":58,"column":1}},"line":54},"5":{"name":"(anonymous_5)","decl":{"start":{"line":61,"column":31},"end":{"line":61,"column":32}},"loc":{"start":{"line":61,"column":57},"end":{"line":66,"column":1}},"line":61},"6":{"name":"(anonymous_6)","decl":{"start":{"line":69,"column":32},"end":{"line":69,"column":33}},"loc":{"start":{"line":69,"column":58},"end":{"line":78,"column":1}},"line":69},"7":{"name":"(anonymous_7)","decl":{"start":{"line":81,"column":39},"end":{"line":81,"column":40}},"loc":{"start":{"line":81,"column":65},"end":{"line":86,"column":1}},"line":81},"8":{"name":"(anonymous_8)","decl":{"start":{"line":89,"column":42},"end":{"line":89,"column":43}},"loc":{"start":{"line":89,"column":68},"end":{"line":94,"column":1}},"line":89}},"branchMap":{},"s":{"0":2,"1":2,"2":2,"3":2,"4":2,"5":2,"6":0,"7":2,"8":0,"9":0,"10":2,"11":0,"12":0,"13":0,"14":2,"15":0,"16":0,"17":0,"18":0,"19":0,"20":2,"21":0,"22":0,"23":0,"24":2,"25":0,"26":0,"27":0,"28":0,"29":2,"30":0,"31":0,"32":0,"33":0,"34":0,"35":0,"36":2,"37":0,"38":0,"39":0,"40":0,"41":2,"42":0,"43":0,"44":0,"45":0,"46":2},"f":{"0":0,"1":0,"2":0,"3":0,"4":0,"5":0,"6":0,"7":0,"8":0},"b":{},"_coverageSchema":"1a1c01bbd47fc00a2c39e90264f33305004495a9","hash":"52ffed769a741110c9eaf00ed7d38a3de31008e7"}
,"/workspaces/graduation-project-talescript/backend/src/routes/users.js": {"path":"/workspaces/graduation-project-talescript/backend/src/routes/users.js","statementMap":{"0":{"start":{"line":1,"column":16},"end":{"line":1,"column":34}},"1":{"start":{"line":2,"column":15},"end":{"line":2,"column":31}},"2":{"start":{"line":3,"column":13},"end":{"line":3,"column":38}},"3":{"start":{"line":6,"column":13},"end":{"line":6,"column":35}},"4":{"start":{"line":9,"column":0},"end":{"line":12,"column":2}},"5":{"start":{"line":10,"column":16},"end":{"line":10,"column":33}},"6":{"start":{"line":11,"column":2},"end":{"line":11,"column":24}},"7":{"start":{"line":15,"column":0},"end":{"line":19,"column":2}},"8":{"start":{"line":16,"column":36},"end":{"line":16,"column":44}},"9":{"start":{"line":17,"column":15},"end":{"line":17,"column":61}},"10":{"start":{"line":18,"column":2},"end":{"line":18,"column":16}},"11":{"start":{"line":21,"column":0},"end":{"line":24,"column":2}},"12":{"start":{"line":22,"column":15},"end":{"line":22,"column":53}},"13":{"start":{"line":23,"column":2},"end":{"line":23,"column":16}},"14":{"start":{"line":26,"column":0},"end":{"line":33,"column":2}},"15":{"start":{"line":29,"column":15},"end":{"line":29,"column":80}},"16":{"start":{"line":31,"column":2},"end":{"line":31,"column":67}},"17":{"start":{"line":31,"column":17},"end":{"line":31,"column":67}},"18":{"start":{"line":32,"column":2},"end":{"line":32,"column":16}},"19":{"start":{"line":35,"column":0},"end":{"line":41,"column":2}},"20":{"start":{"line":36,"column":15},"end":{"line":36,"column":53}},"21":{"start":{"line":37,"column":2},"end":{"line":37,"column":27}},"22":{"start":{"line":38,"column":2},"end":{"line":38,"column":29}},"23":{"start":{"line":39,"column":2},"end":{"line":39,"column":23}},"24":{"start":{"line":40,"column":2},"end":{"line":40,"column":16}},"25":{"start":{"line":43,"column":0},"end":{"line":49,"column":2}},"26":{"start":{"line":44,"column":15},"end":{"line":44,"column":62}},"27":{"start":{"line":46,"column":2},"end":{"line":46,"column":67}},"28":{"start":{"line":46,"column":17},"end":{"line":46,"column":67}},"29":{"start":{"line":48,"column":2},"end":{"line":48,"column":16}},"30":{"start":{"line":89,"column":0},"end":{"line":89,"column":23}}},"fnMap":{"0":{"name":"(anonymous_0)","decl":{"start":{"line":9,"column":16},"end":{"line":9,"column":17}},"loc":{"start":{"line":9,"column":48},"end":{"line":12,"column":1}},"line":9},"1":{"name":"(anonymous_1)","decl":{"start":{"line":15,"column":17},"end":{"line":15,"column":18}},"loc":{"start":{"line":15,"column":49},"end":{"line":19,"column":1}},"line":15},"2":{"name":"(anonymous_2)","decl":{"start":{"line":21,"column":23},"end":{"line":21,"column":24}},"loc":{"start":{"line":21,"column":55},"end":{"line":24,"column":1}},"line":21},"3":{"name":"(anonymous_3)","decl":{"start":{"line":26,"column":17},"end":{"line":26,"column":18}},"loc":{"start":{"line":26,"column":43},"end":{"line":33,"column":1}},"line":26},"4":{"name":"(anonymous_4)","decl":{"start":{"line":35,"column":29},"end":{"line":35,"column":30}},"loc":{"start":{"line":35,"column":55},"end":{"line":41,"column":1}},"line":35},"5":{"name":"(anonymous_5)","decl":{"start":{"line":43,"column":26},"end":{"line":43,"column":27}},"loc":{"start":{"line":43,"column":52},"end":{"line":49,"column":1}},"line":43}},"branchMap":{"0":{"loc":{"start":{"line":31,"column":2},"end":{"line":31,"column":67}},"type":"if","locations":[{"start":{"line":31,"column":2},"end":{"line":31,"column":67}},{"start":{},"end":{}}],"line":31},"1":{"loc":{"start":{"line":46,"column":2},"end":{"line":46,"column":67}},"type":"if","locations":[{"start":{"line":46,"column":2},"end":{"line":46,"column":67}},{"start":{},"end":{}}],"line":46}},"s":{"0":2,"1":2,"2":2,"3":2,"4":2,"5":1,"6":1,"7":2,"8":1,"9":1,"10":0,"11":2,"12":1,"13":0,"14":2,"15":0,"16":0,"17":0,"18":0,"19":2,"20":0,"21":0,"22":0,"23":0,"24":0,"25":2,"26":0,"27":0,"28":0,"29":0,"30":2},"f":{"0":1,"1":1,"2":1,"3":0,"4":0,"5":0},"b":{"0":[0,0],"1":[0,0]},"_coverageSchema":"1a1c01bbd47fc00a2c39e90264f33305004495a9","hash":"0a2eac780464252e60ba82c6f3bbd18dd3a3ec1c"}
,"/workspaces/graduation-project-talescript/backend/tdd/initialsExtractor.js": {"path":"/workspaces/graduation-project-talescript/backend/tdd/initialsExtractor.js","statementMap":{"0":{"start":{"line":1,"column":0},"end":{"line":8,"column":1}},"1":{"start":{"line":2,"column":16},"end":{"line":2,"column":31}},"2":{"start":{"line":4,"column":2},"end":{"line":7,"column":13}},"3":{"start":{"line":5,"column":17},"end":{"line":5,"column":24}},"4":{"start":{"line":6,"column":17},"end":{"line":6,"column":49}}},"fnMap":{"0":{"name":"(anonymous_0)","decl":{"start":{"line":1,"column":17},"end":{"line":1,"column":18}},"loc":{"start":{"line":1,"column":33},"end":{"line":8,"column":1}},"line":1},"1":{"name":"(anonymous_1)","decl":{"start":{"line":5,"column":9},"end":{"line":5,"column":10}},"loc":{"start":{"line":5,"column":17},"end":{"line":5,"column":24}},"line":5},"2":{"name":"(anonymous_2)","decl":{"start":{"line":6,"column":12},"end":{"line":6,"column":13}},"loc":{"start":{"line":6,"column":17},"end":{"line":6,"column":49}},"line":6}},"branchMap":{"0":{"loc":{"start":{"line":6,"column":17},"end":{"line":6,"column":49}},"type":"binary-expr","locations":[{"start":{"line":6,"column":17},"end":{"line":6,"column":37}},{"start":{"line":6,"column":41},"end":{"line":6,"column":49}}],"line":6}},"s":{"0":1,"1":3,"2":3,"3":10,"4":10},"f":{"0":3,"1":10,"2":10},"b":{"0":[10,2]},"_coverageSchema":"1a1c01bbd47fc00a2c39e90264f33305004495a9","hash":"6ab30fd537ab0cbc952ae4ac78f1f6a1f34df3ee"}
}
