TN:
SF:src/app.js
FN:56,(anonymous_0)
FN:93,(anonymous_1)
FN:116,(anonymous_2)
FN:121,(anonymous_3)
FN:131,(anonymous_4)
FNF:5
FNH:2
FNDA:2,(anonymous_0)
FNDA:4,(anonymous_1)
FNDA:0,(anonymous_2)
FNDA:0,(anonymous_3)
FNDA:0,(anonymous_4)
DA:8,2
DA:13,2
DA:14,2
DA:15,2
DA:16,2
DA:17,2
DA:18,2
DA:19,2
DA:20,2
DA:22,2
DA:23,2
DA:25,2
DA:26,2
DA:27,2
DA:28,2
DA:29,2
DA:30,2
DA:33,2
DA:34,2
DA:37,2
DA:40,2
DA:41,2
DA:43,2
DA:44,2
DA:45,2
DA:53,2
DA:54,2
DA:56,2
DA:58,2
DA:76,2
DA:77,2
DA:93,2
DA:94,4
DA:95,4
DA:96,4
DA:97,4
DA:99,4
DA:102,2
DA:103,2
DA:104,2
DA:105,2
DA:106,2
DA:108,2
DA:109,2
DA:110,2
DA:111,2
DA:112,2
DA:113,2
DA:116,2
DA:117,0
DA:121,2
DA:123,0
DA:124,0
DA:127,0
DA:128,0
DA:131,2
DA:132,0
DA:143,0
DA:146,0
DA:148,0
DA:159,2
LF:61
LH:52
BRDA:67,0,0,0
BRDA:67,0,1,2
BRDA:94,1,0,4
BRDA:94,1,1,4
BRDA:96,2,0,4
BRDA:96,2,1,4
BRDA:124,3,0,0
BRDA:124,3,1,0
BRDA:127,4,0,0
BRDA:127,4,1,0
BRF:10
BRH:5
end_of_record
TN:
SF:src/database-connection.js
FN:6,(anonymous_0)
FN:7,(anonymous_1)
FNF:2
FNH:1
FNDA:2,(anonymous_0)
FNDA:0,(anonymous_1)
DA:1,2
DA:2,2
DA:4,2
DA:6,2
DA:7,0
LF:5
LH:4
BRF:0
BRH:0
end_of_record
TN:
SF:src/lib/auth.js
FN:1,auth
FNF:1
FNH:0
FNDA:0,auth
DA:2,0
DA:3,0
DA:5,0
DA:8,2
LF:4
LH:1
BRDA:2,0,0,0
BRDA:2,0,1,0
BRF:2
BRH:0
end_of_record
TN:
SF:src/models/course.js
FNF:0
FNH:0
DA:1,2
DA:3,2
DA:16,2
LF:3
LH:3
BRF:0
BRH:0
end_of_record
TN:
SF:src/models/event.js
FN:25,(anonymous_0)
FN:26,(anonymous_1)
FNF:2
FNH:0
FNDA:0,(anonymous_0)
FNDA:0,(anonymous_1)
DA:1,2
DA:2,2
DA:4,2
DA:26,0
DA:30,2
DA:31,2
DA:32,2
LF:7
LH:6
BRF:0
BRH:0
end_of_record
TN:
SF:src/models/note.js
FNF:0
FNH:0
DA:1,2
DA:3,2
DA:12,2
LF:3
LH:3
BRF:0
BRH:0
end_of_record
TN:
SF:src/models/recipe.js
FNF:0
FNH:0
DA:1,2
DA:2,2
DA:4,2
DA:24,2
DA:25,2
LF:5
LH:5
BRF:0
BRH:0
end_of_record
TN:
SF:src/models/user.js
FN:23,(anonymous_0)
FN:30,(anonymous_1)
FN:37,(anonymous_2)
FN:44,(anonymous_3)
FN:52,(anonymous_4)
FN:62,(anonymous_5)
FN:71,(anonymous_6)
FN:83,(anonymous_7)
FN:88,(anonymous_8)
FN:97,(anonymous_9)
FN:102,(anonymous_10)
FN:112,(anonymous_11)
FN:118,(anonymous_12)
FN:127,(anonymous_13)
FN:132,(anonymous_14)
FNF:15
FNH:0
FNDA:0,(anonymous_0)
FNDA:0,(anonymous_1)
FNDA:0,(anonymous_2)
FNDA:0,(anonymous_3)
FNDA:0,(anonymous_4)
FNDA:0,(anonymous_5)
FNDA:0,(anonymous_6)
FNDA:0,(anonymous_7)
FNDA:0,(anonymous_8)
FNDA:0,(anonymous_9)
FNDA:0,(anonymous_10)
FNDA:0,(anonymous_11)
FNDA:0,(anonymous_12)
FNDA:0,(anonymous_13)
FNDA:0,(anonymous_14)
DA:1,2
DA:2,2
DA:3,2
DA:5,2
DA:6,2
DA:7,2
DA:8,2
DA:9,2
DA:11,2
DA:24,0
DA:25,0
DA:26,0
DA:27,0
DA:31,0
DA:32,0
DA:33,0
DA:34,0
DA:38,0
DA:39,0
DA:40,0
DA:41,0
DA:45,0
DA:46,0
DA:47,0
DA:53,0
DA:54,0
DA:55,0
DA:56,0
DA:57,0
DA:59,0
DA:63,0
DA:64,0
DA:65,0
DA:66,0
DA:68,0
DA:72,0
DA:73,0
DA:75,0
DA:76,0
DA:77,0
DA:78,0
DA:80,0
DA:84,0
DA:85,0
DA:89,0
DA:90,0
DA:91,0
DA:92,0
DA:93,0
DA:94,0
DA:98,0
DA:99,0
DA:103,0
DA:104,0
DA:105,0
DA:106,0
DA:107,0
DA:108,0
DA:109,0
DA:113,0
DA:114,0
DA:115,0
DA:119,0
DA:120,0
DA:121,0
DA:122,0
DA:123,0
DA:124,0
DA:128,0
DA:129,0
DA:133,0
DA:134,0
DA:135,0
DA:138,2
DA:139,2
DA:140,2
DA:141,2
LF:77
LH:13
BRF:0
BRH:0
end_of_record
TN:
SF:src/routes/accounts.js
FN:6,(anonymous_0)
FN:17,(anonymous_1)
FN:21,(anonymous_2)
FN:22,(anonymous_3)
FNF:4
FNH:0
FNDA:0,(anonymous_0)
FNDA:0,(anonymous_1)
FNDA:0,(anonymous_2)
FNDA:0,(anonymous_3)
DA:1,2
DA:2,2
DA:3,2
DA:4,2
DA:6,2
DA:7,0
DA:8,0
DA:17,2
DA:18,0
DA:21,2
DA:22,0
DA:23,0
DA:27,2
LF:13
LH:8
BRF:0
BRH:0
end_of_record
TN:
SF:src/routes/courses.js
FN:7,(anonymous_0)
FN:13,(anonymous_1)
FN:19,(anonymous_2)
FN:26,(anonymous_3)
FN:36,(anonymous_4)
FN:43,(anonymous_5)
FN:51,(anonymous_6)
FNF:7
FNH:0
FNDA:0,(anonymous_0)
FNDA:0,(anonymous_1)
FNDA:0,(anonymous_2)
FNDA:0,(anonymous_3)
FNDA:0,(anonymous_4)
FNDA:0,(anonymous_5)
FNDA:0,(anonymous_6)
DA:1,2
DA:2,2
DA:3,2
DA:4,2
DA:7,2
DA:8,0
DA:9,0
DA:13,2
DA:14,0
DA:15,0
DA:19,2
DA:20,0
DA:21,0
DA:22,0
DA:26,2
DA:27,0
DA:28,0
DA:29,0
DA:30,0
DA:31,0
DA:32,0
DA:36,2
DA:37,0
DA:38,0
DA:39,0
DA:43,2
DA:44,0
DA:45,0
DA:46,0
DA:47,0
DA:51,2
DA:52,0
DA:53,0
DA:54,0
DA:55,0
DA:58,2
LF:36
LH:12
BRF:0
BRH:0
end_of_record
TN:
SF:src/routes/events.js
FN:7,(anonymous_0)
FN:13,(anonymous_1)
FN:20,(anonymous_2)
FN:30,(anonymous_3)
FN:40,(anonymous_4)
FN:46,(anonymous_5)
FN:58,(anonymous_6)
FNF:7
FNH:1
FNDA:0,(anonymous_0)
FNDA:0,(anonymous_1)
FNDA:1,(anonymous_2)
FNDA:0,(anonymous_3)
FNDA:0,(anonymous_4)
FNDA:0,(anonymous_5)
FNDA:0,(anonymous_6)
DA:1,2
DA:2,2
DA:3,2
DA:4,2
DA:7,2
DA:8,0
DA:9,0
DA:13,2
DA:14,0
DA:15,0
DA:20,2
DA:21,1
DA:22,0
DA:23,0
DA:25,0
DA:26,0
DA:30,2
DA:31,0
DA:32,0
DA:33,0
DA:34,0
DA:35,0
DA:36,0
DA:40,2
DA:41,0
DA:42,0
DA:46,2
DA:47,0
DA:48,0
DA:50,0
DA:51,0
DA:52,0
DA:53,0
DA:58,2
DA:59,0
DA:60,0
DA:62,0
DA:63,0
DA:64,0
DA:65,0
DA:66,0
DA:67,0
DA:70,2
LF:43
LH:13
BRDA:22,0,0,0
BRDA:22,0,1,0
BRDA:47,1,0,0
BRDA:47,1,1,0
BRDA:59,2,0,0
BRDA:59,2,1,0
BRF:6
BRH:0
end_of_record
TN:
SF:src/routes/index.js
FN:5,(anonymous_0)
FNF:1
FNH:0
FNDA:0,(anonymous_0)
DA:1,2
DA:2,2
DA:5,2
DA:7,0
DA:19,2
LF:5
LH:4
BRF:0
BRH:0
end_of_record
TN:
SF:src/routes/recipes.js
FN:27,(anonymous_0)
FN:32,(anonymous_1)
FN:38,(anonymous_2)
FN:45,(anonymous_3)
FN:54,(anonymous_4)
FN:61,(anonymous_5)
FN:69,(anonymous_6)
FN:81,(anonymous_7)
FN:89,(anonymous_8)
FNF:9
FNH:0
FNDA:0,(anonymous_0)
FNDA:0,(anonymous_1)
FNDA:0,(anonymous_2)
FNDA:0,(anonymous_3)
FNDA:0,(anonymous_4)
FNDA:0,(anonymous_5)
FNDA:0,(anonymous_6)
FNDA:0,(anonymous_7)
FNDA:0,(anonymous_8)
DA:1,2
DA:2,2
DA:3,2
DA:4,2
DA:5,2
DA:27,2
DA:28,0
DA:32,2
DA:33,0
DA:34,0
DA:38,2
DA:39,0
DA:40,0
DA:41,0
DA:45,2
DA:46,0
DA:47,0
DA:48,0
DA:49,0
DA:50,0
DA:54,2
DA:55,0
DA:56,0
DA:57,0
DA:61,2
DA:62,0
DA:63,0
DA:64,0
DA:65,0
DA:69,2
DA:70,0
DA:71,0
DA:73,0
DA:74,0
DA:75,0
DA:77,0
DA:81,2
DA:82,0
DA:83,0
DA:84,0
DA:85,0
DA:89,2
DA:90,0
DA:91,0
DA:92,0
DA:93,0
DA:96,2
LF:47
LH:15
BRF:0
BRH:0
end_of_record
TN:
SF:src/routes/users.js
FN:9,(anonymous_0)
FN:15,(anonymous_1)
FN:21,(anonymous_2)
FN:26,(anonymous_3)
FN:35,(anonymous_4)
FN:43,(anonymous_5)
FNF:6
FNH:3
FNDA:1,(anonymous_0)
FNDA:1,(anonymous_1)
FNDA:1,(anonymous_2)
FNDA:0,(anonymous_3)
FNDA:0,(anonymous_4)
FNDA:0,(anonymous_5)
DA:1,2
DA:2,2
DA:3,2
DA:6,2
DA:9,2
DA:10,1
DA:11,1
DA:15,2
DA:16,1
DA:17,1
DA:18,0
DA:21,2
DA:22,1
DA:23,0
DA:26,2
DA:29,0
DA:31,0
DA:32,0
DA:35,2
DA:36,0
DA:37,0
DA:38,0
DA:39,0
DA:40,0
DA:43,2
DA:44,0
DA:46,0
DA:48,0
DA:89,2
LF:29
LH:16
BRDA:31,0,0,0
BRDA:31,0,1,0
BRDA:46,1,0,0
BRDA:46,1,1,0
BRF:4
BRH:0
end_of_record
TN:
SF:tdd/initialsExtractor.js
FN:1,(anonymous_0)
FN:5,(anonymous_1)
FN:6,(anonymous_2)
FNF:3
FNH:3
FNDA:3,(anonymous_0)
FNDA:10,(anonymous_1)
FNDA:10,(anonymous_2)
DA:1,1
DA:2,3
DA:4,3
DA:5,10
DA:6,10
LF:5
LH:5
BRDA:6,0,0,10
BRDA:6,0,1,2
BRF:2
BRH:2
end_of_record
