TN:
SF:backend/src/app.js
FN:55,(anonymous_0)
FN:92,(anonymous_1)
FN:114,(anonymous_2)
FN:119,(anonymous_3)
FN:129,(anonymous_4)
FNF:5
FNH:1
FNDA:0,(anonymous_0)
FNDA:0,(anonymous_1)
FNDA:0,(anonymous_2)
FNDA:1,(anonymous_3)
FNDA:0,(anonymous_4)
DA:8,1
DA:13,1
DA:14,1
DA:15,1
DA:16,1
DA:17,1
DA:18,1
DA:19,1
DA:20,1
DA:22,1
DA:23,1
DA:25,1
DA:26,1
DA:27,1
DA:28,1
DA:29,1
DA:32,1
DA:33,1
DA:36,1
DA:39,1
DA:40,1
DA:42,1
DA:43,1
DA:44,1
DA:52,1
DA:53,1
DA:55,1
DA:57,1
DA:75,1
DA:76,1
DA:92,1
DA:93,0
DA:94,0
DA:95,0
DA:96,0
DA:98,0
DA:101,1
DA:102,1
DA:103,1
DA:104,1
DA:105,1
DA:107,1
DA:108,1
DA:109,1
DA:110,1
DA:111,1
DA:114,1
DA:115,0
DA:119,1
DA:121,1
DA:122,1
DA:125,1
DA:126,1
DA:129,1
DA:130,0
DA:141,0
DA:144,0
DA:146,0
DA:157,1
LF:59
LH:49
BRDA:93,0,0,0
BRDA:93,0,1,0
BRDA:95,1,0,0
BRDA:95,1,1,0
BRDA:122,2,0,0
BRDA:122,2,1,1
BRDA:125,3,0,1
BRDA:125,3,1,1
BRF:8
BRH:3
end_of_record
TN:
SF:backend/src/database-connection.js
FN:6,(anonymous_0)
FN:7,(anonymous_1)
FNF:2
FNH:1
FNDA:0,(anonymous_0)
FNDA:1,(anonymous_1)
DA:1,1
DA:2,1
DA:4,1
DA:6,0
DA:7,1
LF:5
LH:4
BRF:0
BRH:0
end_of_record
TN:
SF:backend/src/lib/auth.js
FN:1,auth
FNF:1
FNH:0
FNDA:0,auth
DA:2,0
DA:3,0
DA:5,0
DA:8,1
LF:4
LH:1
BRDA:2,0,0,0
BRDA:2,0,1,0
BRF:2
BRH:0
end_of_record
TN:
SF:backend/src/models/course.js
FNF:0
FNH:0
DA:1,1
DA:3,1
DA:16,1
LF:3
LH:3
BRF:0
BRH:0
end_of_record
TN:
SF:backend/src/models/event.js
FN:25,(anonymous_0)
FN:26,(anonymous_1)
FNF:2
FNH:0
FNDA:0,(anonymous_0)
FNDA:0,(anonymous_1)
DA:1,1
DA:2,1
DA:4,1
DA:26,0
DA:30,1
DA:31,1
DA:32,1
LF:7
LH:6
BRF:0
BRH:0
end_of_record
TN:
SF:backend/src/models/note.js
FNF:0
FNH:0
DA:1,1
DA:3,1
DA:12,1
LF:3
LH:3
BRF:0
BRH:0
end_of_record
TN:
SF:backend/src/models/recipe.js
FNF:0
FNH:0
DA:1,1
DA:2,1
DA:4,1
DA:24,1
DA:25,1
LF:5
LH:5
BRF:0
BRH:0
end_of_record
TN:
SF:backend/src/models/user.js
FN:23,(anonymous_0)
FN:30,(anonymous_1)
FN:37,(anonymous_2)
FN:44,(anonymous_3)
FN:52,(anonymous_4)
FN:62,(anonymous_5)
FN:71,(anonymous_6)
FN:83,(anonymous_7)
FN:88,(anonymous_8)
FN:97,(anonymous_9)
FN:102,(anonymous_10)
FN:112,(anonymous_11)
FN:118,(anonymous_12)
FN:127,(anonymous_13)
FN:132,(anonymous_14)
FNF:15
FNH:0
FNDA:0,(anonymous_0)
FNDA:0,(anonymous_1)
FNDA:0,(anonymous_2)
FNDA:0,(anonymous_3)
FNDA:0,(anonymous_4)
FNDA:0,(anonymous_5)
FNDA:0,(anonymous_6)
FNDA:0,(anonymous_7)
FNDA:0,(anonymous_8)
FNDA:0,(anonymous_9)
FNDA:0,(anonymous_10)
FNDA:0,(anonymous_11)
FNDA:0,(anonymous_12)
FNDA:0,(anonymous_13)
FNDA:0,(anonymous_14)
DA:1,1
DA:2,1
DA:3,1
DA:5,1
DA:6,1
DA:7,1
DA:8,1
DA:9,1
DA:11,1
DA:24,0
DA:25,0
DA:26,0
DA:27,0
DA:31,0
DA:32,0
DA:33,0
DA:34,0
DA:38,0
DA:39,0
DA:40,0
DA:41,0
DA:45,0
DA:46,0
DA:47,0
DA:53,0
DA:54,0
DA:55,0
DA:56,0
DA:57,0
DA:59,0
DA:63,0
DA:64,0
DA:65,0
DA:66,0
DA:68,0
DA:72,0
DA:73,0
DA:75,0
DA:76,0
DA:77,0
DA:78,0
DA:80,0
DA:84,0
DA:85,0
DA:89,0
DA:90,0
DA:91,0
DA:92,0
DA:93,0
DA:94,0
DA:98,0
DA:99,0
DA:103,0
DA:104,0
DA:105,0
DA:106,0
DA:107,0
DA:108,0
DA:109,0
DA:113,0
DA:114,0
DA:115,0
DA:119,0
DA:120,0
DA:121,0
DA:122,0
DA:123,0
DA:124,0
DA:128,0
DA:129,0
DA:133,0
DA:134,0
DA:135,0
DA:138,1
DA:139,1
DA:140,1
DA:141,1
LF:77
LH:13
BRF:0
BRH:0
end_of_record
TN:
SF:backend/src/routes/accounts.js
FN:6,(anonymous_0)
FN:17,(anonymous_1)
FN:21,(anonymous_2)
FN:22,(anonymous_3)
FNF:4
FNH:0
FNDA:0,(anonymous_0)
FNDA:0,(anonymous_1)
FNDA:0,(anonymous_2)
FNDA:0,(anonymous_3)
DA:1,1
DA:2,1
DA:3,1
DA:4,1
DA:6,1
DA:7,0
DA:8,0
DA:17,1
DA:18,0
DA:21,1
DA:22,0
DA:23,0
DA:27,1
LF:13
LH:8
BRF:0
BRH:0
end_of_record
TN:
SF:backend/src/routes/events.js
FN:7,(anonymous_0)
FN:13,(anonymous_1)
FN:20,(anonymous_2)
FN:30,(anonymous_3)
FN:40,(anonymous_4)
FN:46,(anonymous_5)
FN:58,(anonymous_6)
FNF:7
FNH:0
FNDA:0,(anonymous_0)
FNDA:0,(anonymous_1)
FNDA:0,(anonymous_2)
FNDA:0,(anonymous_3)
FNDA:0,(anonymous_4)
FNDA:0,(anonymous_5)
FNDA:0,(anonymous_6)
DA:1,1
DA:2,1
DA:3,1
DA:4,1
DA:7,1
DA:8,0
DA:9,0
DA:13,1
DA:14,0
DA:15,0
DA:20,1
DA:21,0
DA:22,0
DA:23,0
DA:25,0
DA:26,0
DA:30,1
DA:31,0
DA:32,0
DA:33,0
DA:34,0
DA:35,0
DA:36,0
DA:40,1
DA:41,0
DA:42,0
DA:46,1
DA:47,0
DA:48,0
DA:50,0
DA:51,0
DA:52,0
DA:53,0
DA:58,1
DA:59,0
DA:60,0
DA:61,0
DA:62,0
DA:63,0
DA:64,0
DA:67,1
LF:41
LH:12
BRDA:22,0,0,0
BRDA:22,0,1,0
BRDA:47,1,0,0
BRDA:47,1,1,0
BRF:4
BRH:0
end_of_record
TN:
SF:backend/src/routes/index.js
FN:5,(anonymous_0)
FNF:1
FNH:0
FNDA:0,(anonymous_0)
DA:1,1
DA:2,1
DA:5,1
DA:7,0
DA:19,1
LF:5
LH:4
BRF:0
BRH:0
end_of_record
TN:
SF:backend/src/routes/recipes.js
FN:27,(anonymous_0)
FN:32,(anonymous_1)
FN:38,(anonymous_2)
FN:45,(anonymous_3)
FN:54,(anonymous_4)
FN:61,(anonymous_5)
FN:69,(anonymous_6)
FN:81,(anonymous_7)
FN:89,(anonymous_8)
FNF:9
FNH:0
FNDA:0,(anonymous_0)
FNDA:0,(anonymous_1)
FNDA:0,(anonymous_2)
FNDA:0,(anonymous_3)
FNDA:0,(anonymous_4)
FNDA:0,(anonymous_5)
FNDA:0,(anonymous_6)
FNDA:0,(anonymous_7)
FNDA:0,(anonymous_8)
DA:1,1
DA:2,1
DA:3,1
DA:4,1
DA:5,1
DA:27,1
DA:28,0
DA:32,1
DA:33,0
DA:34,0
DA:38,1
DA:39,0
DA:40,0
DA:41,0
DA:45,1
DA:46,0
DA:47,0
DA:48,0
DA:49,0
DA:50,0
DA:54,1
DA:55,0
DA:56,0
DA:57,0
DA:61,1
DA:62,0
DA:63,0
DA:64,0
DA:65,0
DA:69,1
DA:70,0
DA:71,0
DA:73,0
DA:74,0
DA:75,0
DA:77,0
DA:81,1
DA:82,0
DA:83,0
DA:84,0
DA:85,0
DA:89,1
DA:90,0
DA:91,0
DA:92,0
DA:93,0
DA:96,1
LF:47
LH:15
BRF:0
BRH:0
end_of_record
TN:
SF:backend/src/routes/users.js
FN:9,(anonymous_0)
FN:15,(anonymous_1)
FN:21,(anonymous_2)
FN:26,(anonymous_3)
FN:35,(anonymous_4)
FN:43,(anonymous_5)
FNF:6
FNH:0
FNDA:0,(anonymous_0)
FNDA:0,(anonymous_1)
FNDA:0,(anonymous_2)
FNDA:0,(anonymous_3)
FNDA:0,(anonymous_4)
FNDA:0,(anonymous_5)
DA:1,1
DA:2,1
DA:3,1
DA:6,1
DA:9,1
DA:10,0
DA:11,0
DA:15,1
DA:16,0
DA:17,0
DA:18,0
DA:21,1
DA:22,0
DA:23,0
DA:26,1
DA:29,0
DA:31,0
DA:32,0
DA:35,1
DA:36,0
DA:37,0
DA:38,0
DA:39,0
DA:40,0
DA:43,1
DA:44,0
DA:46,0
DA:48,0
DA:74,1
LF:29
LH:11
BRDA:31,0,0,0
BRDA:31,0,1,0
BRDA:46,1,0,0
BRDA:46,1,1,0
BRF:4
BRH:0
end_of_record
TN:
SF:backend/tdd/initialsExtractor.js
FN:1,(anonymous_0)
FN:5,(anonymous_1)
FN:6,(anonymous_2)
FNF:3
FNH:3
FNDA:3,(anonymous_0)
FNDA:10,(anonymous_1)
FNDA:10,(anonymous_2)
DA:1,1
DA:2,3
DA:4,3
DA:5,10
DA:6,10
LF:5
LH:5
BRDA:6,0,0,10
BRDA:6,0,1,2
BRF:2
BRH:2
end_of_record
